<?xml version="1.0" encoding="UTF-8"?>
<!-- Generated by org.testng.reporters.JUnitXMLReporter -->
<testsuite ignored="0" hostname="dell" failures="0" tests="3" name="Default test" time="5.989" errors="0" timestamp="2025-12-18T20:17:21 IST">
  <testcase classname="day7.Authentications" name="testPreemptiveAuthentication" time="4.602"/>
  <testcase classname="day7.Authentications" name="bearerTokenAuthentication" time="1.08"/>
  <testcase classname="day7.Authentications" name="testApiKeyAuthentication" time="0.226"/>
</testsuite> <!-- Default test -->
