<?xml version="1.0" encoding="UTF-8"?>
<!-- Generated by org.testng.reporters.JUnitXMLReporter -->
<testsuite ignored="0" hostname="dell" failures="1" tests="1" name="getusertest" time="0.01" errors="0" timestamp="2025-12-19T19:00:32 IST">
  <testcase classname="day8.GetUser" name="testGetUser" time="0.004">
    <failure type="java.lang.NullPointerException" message="Cannot invoke &amp;quot;java.lang.Integer.intValue()&amp;quot; because the return value of &amp;quot;org.testng.ITestContext.getAttribute(String)&amp;quot; is null">
      <![CDATA[java.lang.NullPointerException: Cannot invoke "java.lang.Integer.intValue()" because the return value of "org.testng.ITestContext.getAttribute(String)" is null
at day8.GetUser.testGetUser(GetUser.java:15)
at java.base/java.util.ArrayList.forEach(ArrayList.java:1597)
... Removed 25 stack frames]]>
    </failure>
  </testcase> <!-- testGetUser -->
</testsuite> <!-- getusertest -->
