<?xml version="1.0" encoding="UTF-8"?>
<!-- Generated by org.testng.reporters.JUnitXMLReporter -->
<testsuite ignored="0" hostname="dell" failures="0" tests="4" name="Test" time="4.159" errors="0" timestamp="2025-12-19T19:36:01 IST">
  <testcase classname="day8.CreateUser" name="testCreateUser" time="3.163"/>
  <testcase classname="day8.GetUser" name="testGetUser" time="0.39"/>
  <testcase classname="day8.UpdateUser" name="test_UpdateUser" time="0.276"/>
  <testcase classname="day8.DeleteUser" name="test_DeleteUser" time="0.21"/>
</testsuite> <!-- Test -->
