<?xml version="1.0" encoding="UTF-8"?>
<!-- Generated by org.testng.reporters.JUnitXMLReporter -->
<testsuite ignored="0" hostname="dell" failures="0" tests="4" name="Test" time="2.977" errors="0" timestamp="2025-12-19T21:33:29 IST">
  <testcase classname="day8assignment.CreateUser" name="testCreateUser" time="2.554"/>
  <testcase classname="day8assignment.GetUser" name="testGetUser" time="0.174"/>
  <testcase classname="day8assignment.UpdateUser" name="testUpdateUser" time="0.071"/>
  <testcase classname="day8assignment.DeleteUser" name="testDeleteUser" time="0.056"/>
</testsuite> <!-- Test -->
