<?xml version="1.0" encoding="UTF-8"?>
<testng-results ignored="0" total="1" passed="1" failed="0" skipped="0">
  <reporter-output>
  </reporter-output>
  <suite started-at="2025-12-14T19:07:29 IST" name="Default suite" finished-at="2025-12-14T19:07:38 IST" duration-ms="9183">
    <groups>
    </groups>
    <test started-at="2025-12-14T19:07:29 IST" name="Default test" finished-at="2025-12-14T19:07:38 IST" duration-ms="9183">
      <class name="day3.Logging">
        <test-method signature="testLogs()[pri:1, instance:day3.Logging@765d7657]" started-at="2025-12-14T19:07:29 IST" name="testLogs" finished-at="2025-12-14T19:07:38 IST" duration-ms="9112" status="PASS">
          <reporter-output>
          </reporter-output>
        </test-method> <!-- testLogs -->
      </class> <!-- day3.Logging -->
    </test> <!-- Default test -->
  </suite> <!-- Default suite -->
</testng-results>
