<?xml version="1.0" encoding="UTF-8"?>
<testng-results ignored="0" total="2" passed="2" failed="0" skipped="0">
  <reporter-output>
  </reporter-output>
  <suite started-at="2025-12-13T19:50:46 IST" name="Default suite" finished-at="2025-12-13T19:50:49 IST" duration-ms="3465">
    <groups>
    </groups>
    <test started-at="2025-12-13T19:50:46 IST" name="Default test" finished-at="2025-12-13T19:50:49 IST" duration-ms="3465">
      <class name="day2.DiffWaysToCreatePostRequestBody">
        <test-method signature="testPostUsingExternalJsonFile()[pri:1, instance:day2.DiffWaysToCreatePostRequestBody@74235045]" started-at="2025-12-13T19:50:46 IST" name="testPostUsingExternalJsonFile" finished-at="2025-12-13T19:50:49 IST" duration-ms="3204" status="PASS">
          <reporter-output>
          </reporter-output>
        </test-method> <!-- testPostUsingExternalJsonFile -->
        <test-method signature="testDelete()[pri:2, instance:day2.DiffWaysToCreatePostRequestBody@74235045]" started-at="2025-12-13T19:50:49 IST" name="testDelete" finished-at="2025-12-13T19:50:49 IST" duration-ms="187" status="PASS">
          <reporter-output>
          </reporter-output>
        </test-method> <!-- testDelete -->
      </class> <!-- day2.DiffWaysToCreatePostRequestBody -->
    </test> <!-- Default test -->
  </suite> <!-- Default suite -->
</testng-results>
