<?xml version="1.0" encoding="UTF-8"?>
<!-- Generated by org.testng.reporters.JUnitReportReporter -->
<testsuite hostname="dell" failures="0" tests="4" name="day1.HTTPRequests" time="6.259" errors="0" timestamp="2025-12-12T21:09:53 IST" skipped="0">
  <testcase classname="day1.HTTPRequests" name="getUsers" time="4.398"/>
  <testcase classname="day1.HTTPRequests" name="createUser" time="1.041"/>
  <testcase classname="day1.HTTPRequests" name="updateUser" time="0.361"/>
  <testcase classname="day1.HTTPRequests" name="deleteUser" time="0.459"/>
</testsuite> <!-- day1.HTTPRequests -->
