<?xml version="1.0" encoding="UTF-8"?>
<!-- Generated by org.testng.reporters.JUnitReportReporter -->
<testsuite hostname="dell" failures="0" tests="3" name="day7.Authentications" time="4.234" errors="0" timestamp="2025-12-18T18:43:53 IST" skipped="0">
  <testcase classname="day7.Authentications" name="testPreemptiveAuthentication" time="3.442"/>
  <testcase classname="day7.Authentications" name="bearerTokenAuthentication" time="0.626"/>
  <testcase classname="day7.Authentications" name="testApiKeyAuthentication" time="0.166"/>
</testsuite> <!-- day7.Authentications -->
