<?xml version="1.0" encoding="UTF-8"?>
<!-- Generated by org.testng.reporters.JUnitReportReporter -->
<testsuite hostname="dell" failures="0" tests="2" name="day2.DiffWaysToCreatePostRequestBody" time="3.391" errors="0" timestamp="2025-12-13T19:50:50 IST" skipped="0">
  <testcase classname="day2.DiffWaysToCreatePostRequestBody" name="testPostUsingExternalJsonFile" time="3.204"/>
  <testcase classname="day2.DiffWaysToCreatePostRequestBody" name="testDelete" time="0.187"/>
</testsuite> <!-- day2.DiffWaysToCreatePostRequestBody -->
