<?xml version="1.0" encoding="UTF-8"?>
<!-- Generated by org.testng.reporters.JUnitReportReporter -->
<testsuite hostname="dell" failures="0" tests="3" name="day7.Authentications" time="5.908" errors="0" timestamp="2025-12-18T20:17:21 IST" skipped="0">
  <testcase classname="day7.Authentications" name="testPreemptiveAuthentication" time="4.602"/>
  <testcase classname="day7.Authentications" name="bearerTokenAuthentication" time="1.080"/>
  <testcase classname="day7.Authentications" name="testApiKeyAuthentication" time="0.226"/>
</testsuite> <!-- day7.Authentications -->
