<?xml version="1.0" encoding="UTF-8"?>
<!-- Generated by org.testng.reporters.JUnitReportReporter -->
<testsuite hostname="dell" failures="0" tests="3" name="day5.FileUploadAndDownload" time="3.185" errors="0" timestamp="2025-12-16T20:17:58 IST" skipped="0">
  <testcase classname="day5.FileUploadAndDownload" name="fileDownload" time="2.039"/>
  <testcase classname="day5.FileUploadAndDownload" name="singleFileUpload" time="1.007"/>
  <testcase classname="day5.FileUploadAndDownload" name="multipleFileUpload" time="0.139"/>
</testsuite> <!-- day5.FileUploadAndDownload -->
